# JRE version: OpenJDK Runtime Environment Temurin-17.0.4.1+1 (17.0.4.1+1) (build 17.0.4.1+1)
# Java VM: OpenJDK 64-Bit Server VM Temurin-17.0.4.1+1 (17.0.4.1+1, mixed mode, tiered, compressed oops, compressed class ptrs, g1 gc, windows-amd64)
GC Precious Log:
 CPUs: 4 total, 4 available
 Memory: 8072M
 Large Page Support: Disabled
 NUMA Support: Disabled
 Compressed Oops: Enabled (32-bit)
 Heap Region Size: 1M
 Heap Min Capacity: 8M
 Heap Initial Capacity: 128M
 Heap Max Capacity: 2020M
 Pre-touch: Disabled
 Parallel Workers: 4
 Concurrent Workers: 1
 Concurrent Refinement Workers: 4
 Periodic GC: Disabled
Heap:
 garbage-first heap   total 43008K, used 29998K [0x0000000081c00000, 0x0000000100000000)
  region size 1024K, 11 young (11264K), 2 survivors (2048K)
 Metaspace       used 56095K, committed 56512K, reserved 1105920K
  class space    used 7087K, committed 7296K, reserved 1048576K
GC Heap History (20 events):
Event: 22.228 GC heap before
{Heap before GC invocations=10 (full 0):
 garbage-first heap   total 37888K, used 26087K [0x0000000081c00000, 0x0000000100000000)
  region size 1024K, 13 young (13312K), 2 survivors (2048K)
 Metaspace       used 35766K, committed 36096K, reserved 1081344K
  class space    used 4268K, committed 4416K, reserved 1048576K
}
Event: 22.239 GC heap after
{Heap after GC invocations=11 (full 0):
 garbage-first heap   total 37888K, used 17025K [0x0000000081c00000, 0x0000000100000000)
  region size 1024K, 2 young (2048K), 2 survivors (2048K)
 Metaspace       used 35766K, committed 36096K, reserved 1081344K
  class space    used 4268K, committed 4416K, reserved 1048576K
}
Event: 24.423 GC heap before
{Heap before GC invocations=12 (full 0):
 garbage-first heap   total 37888K, used 28289K [0x0000000081c00000, 0x0000000100000000)
  region size 1024K, 13 young (13312K), 2 survivors (2048K)
 Metaspace       used 38121K, committed 38592K, reserved 1089536K
  class space    used 4616K, committed 4864K, reserved 1048576K
}
Event: 24.429 GC heap after
{Heap after GC invocations=13 (full 0):
 garbage-first heap   total 37888K, used 18077K [0x0000000081c00000, 0x0000000100000000)
  region size 1024K, 2 young (2048K), 2 survivors (2048K)
 Metaspace       used 38121K, committed 38592K, reserved 1089536K
  class space    used 4616K, committed 4864K, reserved 1048576K
}
Event: 24.494 GC heap before
{Heap before GC invocations=13 (full 0):
 garbage-first heap   total 37888K, used 19101K [0x0000000081c00000, 0x0000000100000000)
  region size 1024K, 3 young (3072K), 2 survivors (2048K)
 Metaspace       used 38358K, committed 38784K, reserved 1089536K
  class space    used 4636K, committed 4864K, reserved 1048576K
}
Event: 24.498 GC heap after
{Heap after GC invocations=14 (full 0):
 garbage-first heap   total 37888K, used 18561K [0x0000000081c00000, 0x0000000100000000)
  region size 1024K, 1 young (1024K), 1 survivors (1024K)
 Metaspace       used 38358K, committed 38784K, reserved 1089536K
  class space    used 4636K, committed 4864K, reserved 1048576K
}
Event: 25.384 GC heap before
{Heap before GC invocations=14 (full 0):
 garbage-first heap   total 37888K, used 27777K [0x0000000081c00000, 0x0000000100000000)
  region size 1024K, 11 young (11264K), 1 survivors (1024K)
 Metaspace       used 39842K, committed 40256K, reserved 1089536K
  class space    used 4803K, committed 4992K, reserved 1048576K
}
Event: 25.387 GC heap after
{Heap after GC invocations=15 (full 0):
 garbage-first heap   total 37888K, used 19002K [0x0000000081c00000, 0x0000000100000000)
  region size 1024K, 1 young (1024K), 1 survivors (1024K)
 Metaspace       used 39842K, committed 40256K, reserved 1089536K
  class space    used 4803K, committed 4992K, reserved 1048576K
}
Event: 30.311 GC heap before
{Heap before GC invocations=16 (full 0):
 garbage-first heap   total 37888K, used 29242K [0x0000000081c00000, 0x0000000100000000)
  region size 1024K, 11 young (11264K), 1 survivors (1024K)
 Metaspace       used 41469K, committed 41984K, reserved 1089536K
  class space    used 5008K, committed 5248K, reserved 1048576K
}
Event: 30.316 GC heap after
{Heap after GC invocations=17 (full 0):
 garbage-first heap   total 37888K, used 19589K [0x0000000081c00000, 0x0000000100000000)
  region size 1024K, 2 young (2048K), 2 survivors (2048K)
 Metaspace       used 41469K, committed 41984K, reserved 1089536K
  class space    used 5008K, committed 5248K, reserved 1048576K
}
Event: 31.836 GC heap before
{Heap before GC invocations=17 (full 0):
 garbage-first heap   total 37888K, used 28805K [0x0000000081c00000, 0x0000000100000000)
  region size 1024K, 12 young (12288K), 2 survivors (2048K)
 Metaspace       used 44081K, committed 44480K, reserved 1089536K
  class space    used 5423K, committed 5632K, reserved 1048576K
}
Event: 31.840 GC heap after
{Heap after GC invocations=18 (full 0):
 garbage-first heap   total 37888K, used 20203K [0x0000000081c00000, 0x0000000100000000)
  region size 1024K, 2 young (2048K), 2 survivors (2048K)
 Metaspace       used 44081K, committed 44480K, reserved 1089536K
  class space    used 5423K, committed 5632K, reserved 1048576K
}
Event: 32.948 GC heap before
{Heap before GC invocations=19 (full 0):
 garbage-first heap   total 39936K, used 29419K [0x0000000081c00000, 0x0000000100000000)
  region size 1024K, 11 young (11264K), 2 survivors (2048K)
 Metaspace       used 46273K, committed 46720K, reserved 1089536K
  class space    used 5816K, committed 6016K, reserved 1048576K
}
Event: 32.953 GC heap after
{Heap after GC invocations=20 (full 0):
 garbage-first heap   total 39936K, used 20530K [0x0000000081c00000, 0x0000000100000000)
  region size 1024K, 1 young (1024K), 1 survivors (1024K)
 Metaspace       used 46273K, committed 46720K, reserved 1089536K
  class space    used 5816K, committed 6016K, reserved 1048576K
}
Event: 34.498 GC heap before
{Heap before GC invocations=20 (full 0):
 garbage-first heap   total 39936K, used 30770K [0x0000000081c00000, 0x0000000100000000)
  region size 1024K, 12 young (12288K), 1 survivors (1024K)
 Metaspace       used 49943K, committed 50432K, reserved 1097728K
  class space    used 6270K, committed 6528K, reserved 1048576K
}
Event: 34.503 GC heap after
{Heap after GC invocations=21 (full 0):
 garbage-first heap   total 39936K, used 21393K [0x0000000081c00000, 0x0000000100000000)
  region size 1024K, 2 young (2048K), 2 survivors (2048K)
 Metaspace       used 49943K, committed 50432K, reserved 1097728K
  class space    used 6270K, committed 6528K, reserved 1048576K
}
Event: 35.911 GC heap before
{Heap before GC invocations=22 (full 0):
 garbage-first heap   total 39936K, used 30609K [0x0000000081c00000, 0x0000000100000000)
  region size 1024K, 12 young (12288K), 2 survivors (2048K)
 Metaspace       used 52450K, committed 52864K, reserved 1097728K
  class space    used 6645K, committed 6848K, reserved 1048576K
}
Event: 35.921 GC heap after
{Heap after GC invocations=23 (full 0):
 garbage-first heap   total 39936K, used 22052K [0x0000000081c00000, 0x0000000100000000)
  region size 1024K, 2 young (2048K), 2 survivors (2048K)
 Metaspace       used 52450K, committed 52864K, reserved 1097728K
  class space    used 6645K, committed 6848K, reserved 1048576K
}
Event: 36.989 GC heap before
{Heap before GC invocations=23 (full 0):
 garbage-first heap   total 39936K, used 31268K [0x0000000081c00000, 0x0000000100000000)
  region size 1024K, 12 young (12288K), 2 survivors (2048K)
 Metaspace       used 54483K, committed 54912K, reserved 1097728K
  class space    used 6877K, committed 7104K, reserved 1048576K
}
Event: 36.993 GC heap after
{Heap after GC invocations=24 (full 0):
 garbage-first heap   total 39936K, used 22830K [0x0000000081c00000, 0x0000000100000000)
  region size 1024K, 2 young (2048K), 2 survivors (2048K)
 Metaspace       used 54483K, committed 54912K, reserved 1097728K
  class space    used 6877K, committed 7104K, reserved 1048576K
}

