# JRE version: OpenJDK Runtime Environment Temurin-17.0.4.1+1 (17.0.4.1+1) (build 17.0.4.1+1)
# Java VM: OpenJDK 64-Bit Server VM Temurin-17.0.4.1+1 (17.0.4.1+1, mixed mode, tiered, compressed oops, compressed class ptrs, g1 gc, windows-amd64)
GC Precious Log:
 CPUs: 4 total, 4 available
 Memory: 8072M
 Large Page Support: Disabled
 NUMA Support: Disabled
 Compressed Oops: Enabled (32-bit)
 Heap Region Size: 1M
 Heap Min Capacity: 8M
 Heap Initial Capacity: 128M
 Heap Max Capacity: 2020M
 Pre-touch: Disabled
 Parallel Workers: 4
 Concurrent Workers: 1
 Concurrent Refinement Workers: 4
 Periodic GC: Disabled
Heap:
 garbage-first heap   total 60416K, used 41073K [0x0000000081c00000, 0x0000000100000000)
  region size 1024K, 15 young (15360K), 2 survivors (2048K)
 Metaspace       used 73083K, committed 73664K, reserved 1114112K
  class space    used 9627K, committed 9920K, reserved 1048576K
GC Heap History (20 events):
Event: 20.467 GC heap before
{Heap before GC invocations=23 (full 0):
 garbage-first heap   total 39936K, used 29371K [0x0000000081c00000, 0x0000000100000000)
  region size 1024K, 11 young (11264K), 2 survivors (2048K)
 Metaspace       used 50909K, committed 51392K, reserved 1097728K
  class space    used 6408K, committed 6656K, reserved 1048576K
}
Event: 20.474 GC heap after
{Heap after GC invocations=24 (full 0):
 garbage-first heap   total 39936K, used 22060K [0x0000000081c00000, 0x0000000100000000)
  region size 1024K, 2 young (2048K), 2 survivors (2048K)
 Metaspace       used 50909K, committed 51392K, reserved 1097728K
  class space    used 6408K, committed 6656K, reserved 1048576K
}
Event: 21.542 GC heap before
{Heap before GC invocations=24 (full 0):
 garbage-first heap   total 39936K, used 32300K [0x0000000081c00000, 0x0000000100000000)
  region size 1024K, 12 young (12288K), 2 survivors (2048K)
 Metaspace       used 53587K, committed 54016K, reserved 1097728K
  class space    used 6792K, committed 6976K, reserved 1048576K
}
Event: 21.548 GC heap after
{Heap after GC invocations=25 (full 0):
 garbage-first heap   total 39936K, used 22689K [0x0000000081c00000, 0x0000000100000000)
  region size 1024K, 2 young (2048K), 2 survivors (2048K)
 Metaspace       used 53587K, committed 54016K, reserved 1097728K
  class space    used 6792K, committed 6976K, reserved 1048576K
}
Event: 22.117 GC heap before
{Heap before GC invocations=26 (full 0):
 garbage-first heap   total 40960K, used 31905K [0x0000000081c00000, 0x0000000100000000)
  region size 1024K, 12 young (12288K), 2 survivors (2048K)
 Metaspace       used 55496K, committed 56000K, reserved 1105920K
  class space    used 7017K, committed 7232K, reserved 1048576K
}
Event: 22.122 GC heap after
{Heap after GC invocations=27 (full 0):
 garbage-first heap   total 40960K, used 23385K [0x0000000081c00000, 0x0000000100000000)
  region size 1024K, 2 young (2048K), 2 survivors (2048K)
 Metaspace       used 55496K, committed 56000K, reserved 1105920K
  class space    used 7017K, committed 7232K, reserved 1048576K
}
Event: 22.499 GC heap before
{Heap before GC invocations=27 (full 0):
 garbage-first heap   total 40960K, used 32601K [0x0000000081c00000, 0x0000000100000000)
  region size 1024K, 12 young (12288K), 2 survivors (2048K)
 Metaspace       used 57876K, committed 58304K, reserved 1105920K
  class space    used 7310K, committed 7488K, reserved 1048576K
}
Event: 22.503 GC heap after
{Heap after GC invocations=28 (full 0):
 garbage-first heap   total 40960K, used 23857K [0x0000000081c00000, 0x0000000100000000)
  region size 1024K, 2 young (2048K), 2 survivors (2048K)
 Metaspace       used 57876K, committed 58304K, reserved 1105920K
  class space    used 7310K, committed 7488K, reserved 1048576K
}
Event: 22.922 GC heap before
{Heap before GC invocations=29 (full 0):
 garbage-first heap   total 46080K, used 32049K [0x0000000081c00000, 0x0000000100000000)
  region size 1024K, 10 young (10240K), 2 survivors (2048K)
 Metaspace       used 60593K, committed 60992K, reserved 1105920K
  class space    used 7824K, committed 8000K, reserved 1048576K
}
Event: 22.926 GC heap after
{Heap after GC invocations=30 (full 0):
 garbage-first heap   total 46080K, used 24427K [0x0000000081c00000, 0x0000000100000000)
  region size 1024K, 2 young (2048K), 2 survivors (2048K)
 Metaspace       used 60593K, committed 60992K, reserved 1105920K
  class space    used 7824K, committed 8000K, reserved 1048576K
}
Event: 23.387 GC heap before
{Heap before GC invocations=30 (full 0):
 garbage-first heap   total 46080K, used 36715K [0x0000000081c00000, 0x0000000100000000)
  region size 1024K, 14 young (14336K), 2 survivors (2048K)
 Metaspace       used 62646K, committed 63104K, reserved 1105920K
  class space    used 8182K, committed 8384K, reserved 1048576K
}
Event: 23.391 GC heap after
{Heap after GC invocations=31 (full 0):
 garbage-first heap   total 46080K, used 24731K [0x0000000081c00000, 0x0000000100000000)
  region size 1024K, 2 young (2048K), 2 survivors (2048K)
 Metaspace       used 62646K, committed 63104K, reserved 1105920K
  class space    used 8182K, committed 8384K, reserved 1048576K
}
Event: 23.904 GC heap before
{Heap before GC invocations=32 (full 0):
 garbage-first heap   total 48128K, used 35995K [0x0000000081c00000, 0x0000000100000000)
  region size 1024K, 14 young (14336K), 2 survivors (2048K)
 Metaspace       used 65015K, committed 65600K, reserved 1114112K
  class space    used 8550K, committed 8832K, reserved 1048576K
}
Event: 23.908 GC heap after
{Heap after GC invocations=33 (full 0):
 garbage-first heap   total 48128K, used 25228K [0x0000000081c00000, 0x0000000100000000)
  region size 1024K, 2 young (2048K), 2 survivors (2048K)
 Metaspace       used 65015K, committed 65600K, reserved 1114112K
  class space    used 8550K, committed 8832K, reserved 1048576K
}
Event: 24.874 GC heap before
{Heap before GC invocations=33 (full 0):
 garbage-first heap   total 48128K, used 38540K [0x0000000081c00000, 0x0000000100000000)
  region size 1024K, 15 young (15360K), 2 survivors (2048K)
 Metaspace       used 67417K, committed 68032K, reserved 1114112K
  class space    used 8862K, committed 9152K, reserved 1048576K
}
Event: 24.880 GC heap after
{Heap after GC invocations=34 (full 0):
 garbage-first heap   total 48128K, used 26361K [0x0000000081c00000, 0x0000000100000000)
  region size 1024K, 2 young (2048K), 2 survivors (2048K)
 Metaspace       used 67417K, committed 68032K, reserved 1114112K
  class space    used 8862K, committed 9152K, reserved 1048576K
}
Event: 25.442 GC heap before
{Heap before GC invocations=35 (full 0):
 garbage-first heap   total 50176K, used 39673K [0x0000000081c00000, 0x0000000100000000)
  region size 1024K, 15 young (15360K), 2 survivors (2048K)
 Metaspace       used 70319K, committed 70848K, reserved 1114112K
  class space    used 9292K, committed 9536K, reserved 1048576K
}
Event: 25.451 GC heap after
{Heap after GC invocations=36 (full 0):
 garbage-first heap   total 50176K, used 27629K [0x0000000081c00000, 0x0000000100000000)
  region size 1024K, 2 young (2048K), 2 survivors (2048K)
 Metaspace       used 70319K, committed 70848K, reserved 1114112K
  class space    used 9292K, committed 9536K, reserved 1048576K
}
Event: 26.491 GC heap before
{Heap before GC invocations=36 (full 0):
 garbage-first heap   total 50176K, used 40941K [0x0000000081c00000, 0x0000000100000000)
  region size 1024K, 15 young (15360K), 2 survivors (2048K)
 Metaspace       used 71324K, committed 71872K, reserved 1114112K
  class space    used 9394K, committed 9664K, reserved 1048576K
}
Event: 26.513 GC heap after
{Heap after GC invocations=37 (full 0):
 garbage-first heap   total 60416K, used 28785K [0x0000000081c00000, 0x0000000100000000)
  region size 1024K, 2 young (2048K), 2 survivors (2048K)
 Metaspace       used 71324K, committed 71872K, reserved 1114112K
  class space    used 9394K, committed 9664K, reserved 1048576K
}

