# JRE version: OpenJDK Runtime Environment Temurin-17.0.4.1+1 (17.0.4.1+1) (build 17.0.4.1+1)
# Java VM: OpenJDK 64-Bit Server VM Temurin-17.0.4.1+1 (17.0.4.1+1, mixed mode, tiered, compressed oops, compressed class ptrs, g1 gc, windows-amd64)
GC Precious Log:
 CPUs: 4 total, 4 available
 Memory: 8072M
 Large Page Support: Disabled
 NUMA Support: Disabled
 Compressed Oops: Enabled (32-bit)
 Heap Region Size: 1M
 Heap Min Capacity: 8M
 Heap Initial Capacity: 128M
 Heap Max Capacity: 2020M
 Pre-touch: Disabled
 Parallel Workers: 4
 Concurrent Workers: 1
 Concurrent Refinement Workers: 4
 Periodic GC: Disabled
Heap:
 garbage-first heap   total 45056K, used 25876K [0x0000000081c00000, 0x0000000100000000)
  region size 1024K, 3 young (3072K), 2 survivors (2048K)
 Metaspace       used 66761K, committed 67328K, reserved 1114112K
  class space    used 8762K, committed 9024K, reserved 1048576K
GC Heap History (20 events):
Event: 30.707 GC heap before
{Heap before GC invocations=20 (full 0):
 garbage-first heap   total 37888K, used 28083K [0x0000000081c00000, 0x0000000100000000)
  region size 1024K, 11 young (11264K), 2 survivors (2048K)
 Metaspace       used 45951K, committed 46400K, reserved 1089536K
  class space    used 5758K, committed 5952K, reserved 1048576K
}
Event: 30.712 GC heap after
{Heap after GC invocations=21 (full 0):
 garbage-first heap   total 37888K, used 20430K [0x0000000081c00000, 0x0000000100000000)
  region size 1024K, 1 young (1024K), 1 survivors (1024K)
 Metaspace       used 45951K, committed 46400K, reserved 1089536K
  class space    used 5758K, committed 5952K, reserved 1048576K
}
Event: 32.320 GC heap before
{Heap before GC invocations=21 (full 0):
 garbage-first heap   total 37888K, used 29646K [0x0000000081c00000, 0x0000000100000000)
  region size 1024K, 11 young (11264K), 1 survivors (1024K)
 Metaspace       used 49140K, committed 49536K, reserved 1097728K
  class space    used 6194K, committed 6400K, reserved 1048576K
}
Event: 32.325 GC heap after
{Heap after GC invocations=22 (full 0):
 garbage-first heap   total 37888K, used 21078K [0x0000000081c00000, 0x0000000100000000)
  region size 1024K, 2 young (2048K), 2 survivors (2048K)
 Metaspace       used 49140K, committed 49536K, reserved 1097728K
  class space    used 6194K, committed 6400K, reserved 1048576K
}
Event: 33.015 GC heap before
{Heap before GC invocations=23 (full 0):
 garbage-first heap   total 37888K, used 29270K [0x0000000081c00000, 0x0000000100000000)
  region size 1024K, 11 young (11264K), 2 survivors (2048K)
 Metaspace       used 51769K, committed 52288K, reserved 1097728K
  class space    used 6542K, committed 6784K, reserved 1048576K
}
Event: 33.020 GC heap after
{Heap after GC invocations=24 (full 0):
 garbage-first heap   total 37888K, used 21777K [0x0000000081c00000, 0x0000000100000000)
  region size 1024K, 2 young (2048K), 2 survivors (2048K)
 Metaspace       used 51769K, committed 52288K, reserved 1097728K
  class space    used 6542K, committed 6784K, reserved 1048576K
}
Event: 33.636 GC heap before
{Heap before GC invocations=24 (full 0):
 garbage-first heap   total 37888K, used 29969K [0x0000000081c00000, 0x0000000100000000)
  region size 1024K, 11 young (11264K), 2 survivors (2048K)
 Metaspace       used 53812K, committed 54272K, reserved 1097728K
  class space    used 6804K, committed 7040K, reserved 1048576K
}
Event: 33.640 GC heap after
{Heap after GC invocations=25 (full 0):
 garbage-first heap   total 37888K, used 22631K [0x0000000081c00000, 0x0000000100000000)
  region size 1024K, 2 young (2048K), 2 survivors (2048K)
 Metaspace       used 53812K, committed 54272K, reserved 1097728K
  class space    used 6804K, committed 7040K, reserved 1048576K
}
Event: 34.056 GC heap before
{Heap before GC invocations=26 (full 0):
 garbage-first heap   total 40960K, used 30823K [0x0000000081c00000, 0x0000000100000000)
  region size 1024K, 10 young (10240K), 2 survivors (2048K)
 Metaspace       used 55090K, committed 55552K, reserved 1097728K
  class space    used 6967K, committed 7168K, reserved 1048576K
}
Event: 34.059 GC heap after
{Heap after GC invocations=27 (full 0):
 garbage-first heap   total 40960K, used 22846K [0x0000000081c00000, 0x0000000100000000)
  region size 1024K, 2 young (2048K), 2 survivors (2048K)
 Metaspace       used 55090K, committed 55552K, reserved 1097728K
  class space    used 6967K, committed 7168K, reserved 1048576K
}
Event: 34.905 GC heap before
{Heap before GC invocations=27 (full 0):
 garbage-first heap   total 40960K, used 32062K [0x0000000081c00000, 0x0000000100000000)
  region size 1024K, 12 young (12288K), 2 survivors (2048K)
 Metaspace       used 58289K, committed 58752K, reserved 1105920K
  class space    used 7491K, committed 7680K, reserved 1048576K
}
Event: 34.909 GC heap after
{Heap after GC invocations=28 (full 0):
 garbage-first heap   total 40960K, used 23550K [0x0000000081c00000, 0x0000000100000000)
  region size 1024K, 2 young (2048K), 2 survivors (2048K)
 Metaspace       used 58289K, committed 58752K, reserved 1105920K
  class space    used 7491K, committed 7680K, reserved 1048576K
}
Event: 35.852 GC heap before
{Heap before GC invocations=29 (full 0):
 garbage-first heap   total 43008K, used 32766K [0x0000000081c00000, 0x0000000100000000)
  region size 1024K, 11 young (11264K), 2 survivors (2048K)
 Metaspace       used 60820K, committed 61312K, reserved 1105920K
  class space    used 7924K, committed 8128K, reserved 1048576K
}
Event: 35.856 GC heap after
{Heap after GC invocations=30 (full 0):
 garbage-first heap   total 43008K, used 23953K [0x0000000081c00000, 0x0000000100000000)
  region size 1024K, 2 young (2048K), 2 survivors (2048K)
 Metaspace       used 60820K, committed 61312K, reserved 1105920K
  class space    used 7924K, committed 8128K, reserved 1048576K
}
Event: 37.090 GC heap before
{Heap before GC invocations=30 (full 0):
 garbage-first heap   total 43008K, used 35217K [0x0000000081c00000, 0x0000000100000000)
  region size 1024K, 13 young (13312K), 2 survivors (2048K)
 Metaspace       used 61988K, committed 62528K, reserved 1105920K
  class space    used 8081K, committed 8320K, reserved 1048576K
}
Event: 37.095 GC heap after
{Heap after GC invocations=31 (full 0):
 garbage-first heap   total 43008K, used 24230K [0x0000000081c00000, 0x0000000100000000)
  region size 1024K, 2 young (2048K), 2 survivors (2048K)
 Metaspace       used 61988K, committed 62528K, reserved 1105920K
  class space    used 8081K, committed 8320K, reserved 1048576K
}
Event: 38.618 GC heap before
{Heap before GC invocations=32 (full 0):
 garbage-first heap   total 45056K, used 33446K [0x0000000081c00000, 0x0000000100000000)
  region size 1024K, 12 young (12288K), 2 survivors (2048K)
 Metaspace       used 64523K, committed 65024K, reserved 1105920K
  class space    used 8490K, committed 8704K, reserved 1048576K
}
Event: 38.622 GC heap after
{Heap after GC invocations=33 (full 0):
 garbage-first heap   total 45056K, used 24777K [0x0000000081c00000, 0x0000000100000000)
  region size 1024K, 2 young (2048K), 2 survivors (2048K)
 Metaspace       used 64523K, committed 65024K, reserved 1105920K
  class space    used 8490K, committed 8704K, reserved 1048576K
}
Event: 40.847 GC heap before
{Heap before GC invocations=33 (full 0):
 garbage-first heap   total 45056K, used 37065K [0x0000000081c00000, 0x0000000100000000)
  region size 1024K, 14 young (14336K), 2 survivors (2048K)
 Metaspace       used 66691K, committed 67264K, reserved 1114112K
  class space    used 8754K, committed 9024K, reserved 1048576K
}
Event: 40.853 GC heap after
{Heap after GC invocations=34 (full 0):
 garbage-first heap   total 45056K, used 25876K [0x0000000081c00000, 0x0000000100000000)
  region size 1024K, 2 young (2048K), 2 survivors (2048K)
 Metaspace       used 66691K, committed 67264K, reserved 1114112K
  class space    used 8754K, committed 9024K, reserved 1048576K
}

