# JRE version: OpenJDK Runtime Environment Temurin-17.0.4.1+1 (17.0.4.1+1) (build 17.0.4.1+1)
# Java VM: OpenJDK 64-Bit Server VM Temurin-17.0.4.1+1 (17.0.4.1+1, mixed mode, tiered, compressed oops, compressed class ptrs, g1 gc, windows-amd64)
GC Precious Log:
 CPUs: 4 total, 4 available
 Memory: 8072M
 Large Page Support: Disabled
 NUMA Support: Disabled
 Compressed Oops: Enabled (32-bit)
 Heap Region Size: 1M
 Heap Min Capacity: 8M
 Heap Initial Capacity: 128M
 Heap Max Capacity: 2020M
 Pre-touch: Disabled
 Parallel Workers: 4
 Concurrent Workers: 1
 Concurrent Refinement Workers: 4
 Periodic GC: Disabled
Heap:
 garbage-first heap   total 63488K, used 25944K [0x0000000081c00000, 0x0000000100000000)
  region size 1024K, 3 young (3072K), 3 survivors (3072K)
 Metaspace       used 69517K, committed 70016K, reserved 1114112K
  class space    used 9149K, committed 9408K, reserved 1048576K
GC Heap History (20 events):
Event: 2.930 GC heap after
{Heap after GC invocations=7 (full 0):
 garbage-first heap   total 63488K, used 12002K [0x0000000081c00000, 0x0000000100000000)
  region size 1024K, 1 young (1024K), 1 survivors (1024K)
 Metaspace       used 28201K, committed 28416K, reserved 1081344K
  class space    used 3249K, committed 3328K, reserved 1048576K
}
Event: 3.825 GC heap before
{Heap before GC invocations=7 (full 0):
 garbage-first heap   total 63488K, used 43746K [0x0000000081c00000, 0x0000000100000000)
  region size 1024K, 33 young (33792K), 1 survivors (1024K)
 Metaspace       used 32573K, committed 32896K, reserved 1081344K
  class space    used 3809K, committed 3968K, reserved 1048576K
}
Event: 3.830 GC heap after
{Heap after GC invocations=8 (full 0):
 garbage-first heap   total 63488K, used 15084K [0x0000000081c00000, 0x0000000100000000)
  region size 1024K, 4 young (4096K), 4 survivors (4096K)
 Metaspace       used 32573K, committed 32896K, reserved 1081344K
  class space    used 3809K, committed 3968K, reserved 1048576K
}
Event: 4.542 GC heap before
{Heap before GC invocations=8 (full 0):
 garbage-first heap   total 63488K, used 36588K [0x0000000081c00000, 0x0000000100000000)
  region size 1024K, 26 young (26624K), 4 survivors (4096K)
 Metaspace       used 35858K, committed 36160K, reserved 1081344K
  class space    used 4291K, committed 4416K, reserved 1048576K
}
Event: 4.551 GC heap after
{Heap after GC invocations=9 (full 0):
 garbage-first heap   total 63488K, used 17115K [0x0000000081c00000, 0x0000000100000000)
  region size 1024K, 3 young (3072K), 3 survivors (3072K)
 Metaspace       used 35858K, committed 36160K, reserved 1081344K
  class space    used 4291K, committed 4416K, reserved 1048576K
}
Event: 5.392 GC heap before
{Heap before GC invocations=10 (full 0):
 garbage-first heap   total 63488K, used 44763K [0x0000000081c00000, 0x0000000100000000)
  region size 1024K, 31 young (31744K), 3 survivors (3072K)
 Metaspace       used 40929K, committed 41344K, reserved 1089536K
  class space    used 4955K, committed 5120K, reserved 1048576K
}
Event: 5.401 GC heap after
{Heap after GC invocations=11 (full 0):
 garbage-first heap   total 63488K, used 19419K [0x0000000081c00000, 0x0000000100000000)
  region size 1024K, 4 young (4096K), 4 survivors (4096K)
 Metaspace       used 40929K, committed 41344K, reserved 1089536K
  class space    used 4955K, committed 5120K, reserved 1048576K
}
Event: 5.411 GC heap before
{Heap before GC invocations=11 (full 0):
 garbage-first heap   total 63488K, used 20443K [0x0000000081c00000, 0x0000000100000000)
  region size 1024K, 5 young (5120K), 4 survivors (4096K)
 Metaspace       used 40935K, committed 41344K, reserved 1089536K
  class space    used 4955K, committed 5120K, reserved 1048576K
}
Event: 5.417 GC heap after
{Heap after GC invocations=12 (full 0):
 garbage-first heap   total 63488K, used 19727K [0x0000000081c00000, 0x0000000100000000)
  region size 1024K, 1 young (1024K), 1 survivors (1024K)
 Metaspace       used 40935K, committed 41344K, reserved 1089536K
  class space    used 4955K, committed 5120K, reserved 1048576K
}
Event: 6.200 GC heap before
{Heap before GC invocations=12 (full 0):
 garbage-first heap   total 63488K, used 47375K [0x0000000081c00000, 0x0000000100000000)
  region size 1024K, 28 young (28672K), 1 survivors (1024K)
 Metaspace       used 47555K, committed 48000K, reserved 1097728K
  class space    used 5998K, committed 6272K, reserved 1048576K
}
Event: 6.206 GC heap after
{Heap after GC invocations=13 (full 0):
 garbage-first heap   total 63488K, used 20567K [0x0000000081c00000, 0x0000000100000000)
  region size 1024K, 2 young (2048K), 2 survivors (2048K)
 Metaspace       used 47555K, committed 48000K, reserved 1097728K
  class space    used 5998K, committed 6272K, reserved 1048576K
}
Event: 7.347 GC heap before
{Heap before GC invocations=13 (full 0):
 garbage-first heap   total 63488K, used 47191K [0x0000000081c00000, 0x0000000100000000)
  region size 1024K, 29 young (29696K), 2 survivors (2048K)
 Metaspace       used 54581K, committed 55040K, reserved 1097728K
  class space    used 6896K, committed 7104K, reserved 1048576K
}
Event: 7.353 GC heap after
{Heap after GC invocations=14 (full 0):
 garbage-first heap   total 63488K, used 22610K [0x0000000081c00000, 0x0000000100000000)
  region size 1024K, 4 young (4096K), 4 survivors (4096K)
 Metaspace       used 54581K, committed 55040K, reserved 1097728K
  class space    used 6896K, committed 7104K, reserved 1048576K
}
Event: 7.931 GC heap before
{Heap before GC invocations=14 (full 0):
 garbage-first heap   total 63488K, used 40018K [0x0000000081c00000, 0x0000000100000000)
  region size 1024K, 23 young (23552K), 4 survivors (4096K)
 Metaspace       used 60012K, committed 60480K, reserved 1105920K
  class space    used 7676K, committed 7872K, reserved 1048576K
}
Event: 7.937 GC heap after
{Heap after GC invocations=15 (full 0):
 garbage-first heap   total 63488K, used 23380K [0x0000000081c00000, 0x0000000100000000)
  region size 1024K, 3 young (3072K), 3 survivors (3072K)
 Metaspace       used 60012K, committed 60480K, reserved 1105920K
  class space    used 7676K, committed 7872K, reserved 1048576K
}
Event: 8.699 GC heap before
{Heap before GC invocations=16 (full 0):
 garbage-first heap   total 63488K, used 48980K [0x0000000081c00000, 0x0000000100000000)
  region size 1024K, 29 young (29696K), 3 survivors (3072K)
 Metaspace       used 64524K, committed 65088K, reserved 1105920K
  class space    used 8468K, committed 8768K, reserved 1048576K
}
Event: 8.704 GC heap after
{Heap after GC invocations=17 (full 0):
 garbage-first heap   total 63488K, used 24475K [0x0000000081c00000, 0x0000000100000000)
  region size 1024K, 2 young (2048K), 2 survivors (2048K)
 Metaspace       used 64524K, committed 65088K, reserved 1105920K
  class space    used 8468K, committed 8768K, reserved 1048576K
}
Event: 8.728 GC heap before
{Heap before GC invocations=17 (full 0):
 garbage-first heap   total 63488K, used 25499K [0x0000000081c00000, 0x0000000100000000)
  region size 1024K, 3 young (3072K), 2 survivors (2048K)
 Metaspace       used 64783K, committed 65344K, reserved 1105920K
  class space    used 8508K, committed 8768K, reserved 1048576K
}
Event: 8.732 GC heap after
{Heap after GC invocations=18 (full 0):
 garbage-first heap   total 63488K, used 24116K [0x0000000081c00000, 0x0000000100000000)
  region size 1024K, 1 young (1024K), 1 survivors (1024K)
 Metaspace       used 64783K, committed 65344K, reserved 1105920K
  class space    used 8508K, committed 8768K, reserved 1048576K
}
Event: 9.516 GC heap before
{Heap before GC invocations=18 (full 0):
 garbage-first heap   total 63488K, used 49716K [0x0000000081c00000, 0x0000000100000000)
  region size 1024K, 26 young (26624K), 1 survivors (1024K)
 Metaspace       used 69517K, committed 70016K, reserved 1114112K
  class space    used 9149K, committed 9408K, reserved 1048576K
}

