# JRE version: OpenJDK Runtime Environment Temurin-17.0.4.1+1 (17.0.4.1+1) (build 17.0.4.1+1)
# Java VM: OpenJDK 64-Bit Server VM Temurin-17.0.4.1+1 (17.0.4.1+1, mixed mode, tiered, compressed oops, compressed class ptrs, g1 gc, windows-amd64)
GC Precious Log:
 CPUs: 4 total, 4 available
 Memory: 8072M
 Large Page Support: Disabled
 NUMA Support: Disabled
 Compressed Oops: Enabled (32-bit)
 Heap Region Size: 1M
 Heap Min Capacity: 8M
 Heap Initial Capacity: 128M
 Heap Max Capacity: 2020M
 Pre-touch: Disabled
 Parallel Workers: 4
 Concurrent Workers: 1
 Concurrent Refinement Workers: 4
 Periodic GC: Disabled
Heap:
 garbage-first heap   total 63488K, used 32984K [0x0000000081c00000, 0x0000000100000000)
  region size 1024K, 2 young (2048K), 2 survivors (2048K)
 Metaspace       used 76912K, committed 77504K, reserved 1122304K
  class space    used 10135K, committed 10432K, reserved 1048576K
GC Heap History (20 events):
Event: 5.154 GC heap after
{Heap after GC invocations=11 (full 0):
 garbage-first heap   total 40960K, used 17364K [0x0000000081c00000, 0x0000000100000000)
  region size 1024K, 1 young (1024K), 1 survivors (1024K)
 Metaspace       used 35671K, committed 35968K, reserved 1081344K
  class space    used 4272K, committed 4416K, reserved 1048576K
}
Event: 5.628 GC heap before
{Heap before GC invocations=12 (full 0):
 garbage-first heap   total 40960K, used 29652K [0x0000000081c00000, 0x0000000100000000)
  region size 1024K, 13 young (13312K), 1 survivors (1024K)
 Metaspace       used 38228K, committed 38656K, reserved 1089536K
  class space    used 4661K, committed 4864K, reserved 1048576K
}
Event: 5.633 GC heap after
{Heap after GC invocations=13 (full 0):
 garbage-first heap   total 40960K, used 18497K [0x0000000081c00000, 0x0000000100000000)
  region size 1024K, 2 young (2048K), 2 survivors (2048K)
 Metaspace       used 38228K, committed 38656K, reserved 1089536K
  class space    used 4661K, committed 4864K, reserved 1048576K
}
Event: 5.990 GC heap before
{Heap before GC invocations=13 (full 0):
 garbage-first heap   total 40960K, used 29761K [0x0000000081c00000, 0x0000000100000000)
  region size 1024K, 14 young (14336K), 2 survivors (2048K)
 Metaspace       used 40240K, committed 40640K, reserved 1089536K
  class space    used 4875K, committed 5056K, reserved 1048576K
}
Event: 5.996 GC heap after
{Heap after GC invocations=14 (full 0):
 garbage-first heap   total 63488K, used 19334K [0x0000000081c00000, 0x0000000100000000)
  region size 1024K, 1 young (1024K), 1 survivors (1024K)
 Metaspace       used 40240K, committed 40640K, reserved 1089536K
  class space    used 4875K, committed 5056K, reserved 1048576K
}
Event: 6.798 GC heap before
{Heap before GC invocations=14 (full 0):
 garbage-first heap   total 63488K, used 45958K [0x0000000081c00000, 0x0000000100000000)
  region size 1024K, 27 young (27648K), 1 survivors (1024K)
 Metaspace       used 46110K, committed 46656K, reserved 1097728K
  class space    used 5752K, committed 6016K, reserved 1048576K
}
Event: 6.802 GC heap after
{Heap after GC invocations=15 (full 0):
 garbage-first heap   total 63488K, used 20646K [0x0000000081c00000, 0x0000000100000000)
  region size 1024K, 3 young (3072K), 3 survivors (3072K)
 Metaspace       used 46110K, committed 46656K, reserved 1097728K
  class space    used 5752K, committed 6016K, reserved 1048576K
}
Event: 7.853 GC heap before
{Heap before GC invocations=15 (full 0):
 garbage-first heap   total 63488K, used 46246K [0x0000000081c00000, 0x0000000100000000)
  region size 1024K, 29 young (29696K), 3 survivors (3072K)
 Metaspace       used 53546K, committed 54016K, reserved 1097728K
  class space    used 6792K, committed 6976K, reserved 1048576K
}
Event: 7.859 GC heap after
{Heap after GC invocations=16 (full 0):
 garbage-first heap   total 63488K, used 22428K [0x0000000081c00000, 0x0000000100000000)
  region size 1024K, 4 young (4096K), 4 survivors (4096K)
 Metaspace       used 53546K, committed 54016K, reserved 1097728K
  class space    used 6792K, committed 6976K, reserved 1048576K
}
Event: 8.724 GC heap before
{Heap before GC invocations=16 (full 0):
 garbage-first heap   total 63488K, used 45980K [0x0000000081c00000, 0x0000000100000000)
  region size 1024K, 29 young (29696K), 4 survivors (4096K)
 Metaspace       used 60053K, committed 60480K, reserved 1105920K
  class space    used 7684K, committed 7872K, reserved 1048576K
}
Event: 8.730 GC heap after
{Heap after GC invocations=17 (full 0):
 garbage-first heap   total 63488K, used 24023K [0x0000000081c00000, 0x0000000100000000)
  region size 1024K, 4 young (4096K), 4 survivors (4096K)
 Metaspace       used 60053K, committed 60480K, reserved 1105920K
  class space    used 7684K, committed 7872K, reserved 1048576K
}
Event: 9.478 GC heap before
{Heap before GC invocations=18 (full 0):
 garbage-first heap   total 63488K, used 47575K [0x0000000081c00000, 0x0000000100000000)
  region size 1024K, 28 young (28672K), 4 survivors (4096K)
 Metaspace       used 64195K, committed 64704K, reserved 1105920K
  class space    used 8419K, committed 8704K, reserved 1048576K
}
Event: 9.484 GC heap after
{Heap after GC invocations=19 (full 0):
 garbage-first heap   total 63488K, used 24907K [0x0000000081c00000, 0x0000000100000000)
  region size 1024K, 3 young (3072K), 3 survivors (3072K)
 Metaspace       used 64195K, committed 64704K, reserved 1105920K
  class space    used 8419K, committed 8704K, reserved 1048576K
}
Event: 10.282 GC heap before
{Heap before GC invocations=19 (full 0):
 garbage-first heap   total 63488K, used 48459K [0x0000000081c00000, 0x0000000100000000)
  region size 1024K, 27 young (27648K), 3 survivors (3072K)
 Metaspace       used 69102K, committed 69696K, reserved 1114112K
  class space    used 9100K, committed 9408K, reserved 1048576K
}
Event: 10.291 GC heap after
{Heap after GC invocations=20 (full 0):
 garbage-first heap   total 63488K, used 26828K [0x0000000081c00000, 0x0000000100000000)
  region size 1024K, 3 young (3072K), 3 survivors (3072K)
 Metaspace       used 69102K, committed 69696K, reserved 1114112K
  class space    used 9100K, committed 9408K, reserved 1048576K
}
Event: 10.914 GC heap before
{Heap before GC invocations=20 (full 0):
 garbage-first heap   total 63488K, used 50380K [0x0000000081c00000, 0x0000000100000000)
  region size 1024K, 26 young (26624K), 3 survivors (3072K)
 Metaspace       used 71803K, committed 72384K, reserved 1114112K
  class space    used 9439K, committed 9728K, reserved 1048576K
}
Event: 10.922 GC heap after
{Heap after GC invocations=21 (full 0):
 garbage-first heap   total 63488K, used 28946K [0x0000000081c00000, 0x0000000100000000)
  region size 1024K, 4 young (4096K), 4 survivors (4096K)
 Metaspace       used 71803K, committed 72384K, reserved 1114112K
  class space    used 9439K, committed 9728K, reserved 1048576K
}
Event: 11.582 GC heap before
{Heap before GC invocations=21 (full 0):
 garbage-first heap   total 63488K, used 50450K [0x0000000081c00000, 0x0000000100000000)
  region size 1024K, 25 young (25600K), 4 survivors (4096K)
 Metaspace       used 74464K, committed 75072K, reserved 1114112K
  class space    used 9827K, committed 10112K, reserved 1048576K
}
Event: 11.591 GC heap after
{Heap after GC invocations=22 (full 0):
 garbage-first heap   total 63488K, used 31192K [0x0000000081c00000, 0x0000000100000000)
  region size 1024K, 4 young (4096K), 4 survivors (4096K)
 Metaspace       used 74464K, committed 75072K, reserved 1114112K
  class space    used 9827K, committed 10112K, reserved 1048576K
}
Event: 80.872 GC heap before
{Heap before GC invocations=22 (full 0):
 garbage-first heap   total 63488K, used 50648K [0x0000000081c00000, 0x0000000100000000)
  region size 1024K, 23 young (23552K), 4 survivors (4096K)
 Metaspace       used 76912K, committed 77504K, reserved 1122304K
  class space    used 10135K, committed 10432K, reserved 1048576K
}

