# JRE version: OpenJDK Runtime Environment Temurin-17.0.4.1+1 (17.0.4.1+1) (build 17.0.4.1+1)
# Java VM: OpenJDK 64-Bit Server VM Temurin-17.0.4.1+1 (17.0.4.1+1, mixed mode, tiered, compressed oops, compressed class ptrs, g1 gc, windows-amd64)
GC Precious Log:
 CPUs: 4 total, 4 available
 Memory: 8072M
 Large Page Support: Disabled
 NUMA Support: Disabled
 Compressed Oops: Enabled (32-bit)
 Heap Region Size: 1M
 Heap Min Capacity: 8M
 Heap Initial Capacity: 128M
 Heap Max Capacity: 2020M
 Pre-touch: Disabled
 Parallel Workers: 4
 Concurrent Workers: 1
 Concurrent Refinement Workers: 4
 Periodic GC: Disabled
Heap:
 garbage-first heap   total 39936K, used 25136K [0x0000000081c00000, 0x0000000100000000)
  region size 1024K, 7 young (7168K), 2 survivors (2048K)
 Metaspace       used 51199K, committed 51712K, reserved 1097728K
  class space    used 6481K, committed 6720K, reserved 1048576K
GC Heap History (20 events):
Event: 18.933 GC heap before
{Heap before GC invocations=8 (full 0):
 garbage-first heap   total 37888K, used 25009K [0x0000000081c00000, 0x0000000100000000)
  region size 1024K, 15 young (15360K), 2 survivors (2048K)
 Metaspace       used 30190K, committed 30400K, reserved 1081344K
  class space    used 3498K, committed 3584K, reserved 1048576K
}
Event: 18.939 GC heap after
{Heap after GC invocations=9 (full 0):
 garbage-first heap   total 37888K, used 13775K [0x0000000081c00000, 0x0000000100000000)
  region size 1024K, 2 young (2048K), 2 survivors (2048K)
 Metaspace       used 30190K, committed 30400K, reserved 1081344K
  class space    used 3498K, committed 3584K, reserved 1048576K
}
Event: 20.049 GC heap before
{Heap before GC invocations=9 (full 0):
 garbage-first heap   total 37888K, used 25039K [0x0000000081c00000, 0x0000000100000000)
  region size 1024K, 14 young (14336K), 2 survivors (2048K)
 Metaspace       used 32167K, committed 32384K, reserved 1081344K
  class space    used 3751K, committed 3840K, reserved 1048576K
}
Event: 20.055 GC heap after
{Heap after GC invocations=10 (full 0):
 garbage-first heap   total 37888K, used 14538K [0x0000000081c00000, 0x0000000100000000)
  region size 1024K, 2 young (2048K), 2 survivors (2048K)
 Metaspace       used 32167K, committed 32384K, reserved 1081344K
  class space    used 3751K, committed 3840K, reserved 1048576K
}
Event: 21.767 GC heap before
{Heap before GC invocations=10 (full 0):
 garbage-first heap   total 37888K, used 27850K [0x0000000081c00000, 0x0000000100000000)
  region size 1024K, 15 young (15360K), 2 survivors (2048K)
 Metaspace       used 34268K, committed 34624K, reserved 1081344K
  class space    used 4059K, committed 4224K, reserved 1048576K
}
Event: 21.773 GC heap after
{Heap after GC invocations=11 (full 0):
 garbage-first heap   total 37888K, used 15663K [0x0000000081c00000, 0x0000000100000000)
  region size 1024K, 2 young (2048K), 2 survivors (2048K)
 Metaspace       used 34268K, committed 34624K, reserved 1081344K
  class space    used 4059K, committed 4224K, reserved 1048576K
}
Event: 22.265 GC heap before
{Heap before GC invocations=11 (full 0):
 garbage-first heap   total 37888K, used 23855K [0x0000000081c00000, 0x0000000100000000)
  region size 1024K, 11 young (11264K), 2 survivors (2048K)
 Metaspace       used 35865K, committed 36160K, reserved 1081344K
  class space    used 4284K, committed 4416K, reserved 1048576K
}
Event: 22.274 GC heap after
{Heap after GC invocations=12 (full 0):
 garbage-first heap   total 37888K, used 16644K [0x0000000081c00000, 0x0000000100000000)
  region size 1024K, 2 young (2048K), 2 survivors (2048K)
 Metaspace       used 35865K, committed 36160K, reserved 1081344K
  class space    used 4284K, committed 4416K, reserved 1048576K
}
Event: 23.311 GC heap before
{Heap before GC invocations=13 (full 0):
 garbage-first heap   total 37888K, used 27908K [0x0000000081c00000, 0x0000000100000000)
  region size 1024K, 13 young (13312K), 2 survivors (2048K)
 Metaspace       used 38153K, committed 38528K, reserved 1089536K
  class space    used 4617K, committed 4800K, reserved 1048576K
}
Event: 23.319 GC heap after
{Heap after GC invocations=14 (full 0):
 garbage-first heap   total 37888K, used 17889K [0x0000000081c00000, 0x0000000100000000)
  region size 1024K, 2 young (2048K), 2 survivors (2048K)
 Metaspace       used 38153K, committed 38528K, reserved 1089536K
  class space    used 4617K, committed 4800K, reserved 1048576K
}
Event: 24.238 GC heap before
{Heap before GC invocations=14 (full 0):
 garbage-first heap   total 37888K, used 28129K [0x0000000081c00000, 0x0000000100000000)
  region size 1024K, 12 young (12288K), 2 survivors (2048K)
 Metaspace       used 39647K, committed 40064K, reserved 1089536K
  class space    used 4786K, committed 4992K, reserved 1048576K
}
Event: 24.242 GC heap after
{Heap after GC invocations=15 (full 0):
 garbage-first heap   total 37888K, used 18566K [0x0000000081c00000, 0x0000000100000000)
  region size 1024K, 1 young (1024K), 1 survivors (1024K)
 Metaspace       used 39647K, committed 40064K, reserved 1089536K
  class space    used 4786K, committed 4992K, reserved 1048576K
}
Event: 27.207 GC heap before
{Heap before GC invocations=16 (full 0):
 garbage-first heap   total 37888K, used 28806K [0x0000000081c00000, 0x0000000100000000)
  region size 1024K, 11 young (11264K), 1 survivors (1024K)
 Metaspace       used 41260K, committed 41664K, reserved 1089536K
  class space    used 4990K, committed 5184K, reserved 1048576K
}
Event: 27.211 GC heap after
{Heap after GC invocations=17 (full 0):
 garbage-first heap   total 37888K, used 19148K [0x0000000081c00000, 0x0000000100000000)
  region size 1024K, 2 young (2048K), 2 survivors (2048K)
 Metaspace       used 41260K, committed 41664K, reserved 1089536K
  class space    used 4990K, committed 5184K, reserved 1048576K
}
Event: 28.382 GC heap before
{Heap before GC invocations=17 (full 0):
 garbage-first heap   total 37888K, used 28364K [0x0000000081c00000, 0x0000000100000000)
  region size 1024K, 12 young (12288K), 2 survivors (2048K)
 Metaspace       used 43862K, committed 44288K, reserved 1089536K
  class space    used 5402K, committed 5632K, reserved 1048576K
}
Event: 28.388 GC heap after
{Heap after GC invocations=18 (full 0):
 garbage-first heap   total 37888K, used 19685K [0x0000000081c00000, 0x0000000100000000)
  region size 1024K, 2 young (2048K), 2 survivors (2048K)
 Metaspace       used 43862K, committed 44288K, reserved 1089536K
  class space    used 5402K, committed 5632K, reserved 1048576K
}
Event: 29.731 GC heap before
{Heap before GC invocations=19 (full 0):
 garbage-first heap   total 39936K, used 27877K [0x0000000081c00000, 0x0000000100000000)
  region size 1024K, 11 young (11264K), 2 survivors (2048K)
 Metaspace       used 46023K, committed 46400K, reserved 1089536K
  class space    used 5780K, committed 5952K, reserved 1048576K
}
Event: 29.735 GC heap after
{Heap after GC invocations=20 (full 0):
 garbage-first heap   total 39936K, used 20108K [0x0000000081c00000, 0x0000000100000000)
  region size 1024K, 1 young (1024K), 1 survivors (1024K)
 Metaspace       used 46023K, committed 46400K, reserved 1089536K
  class space    used 5780K, committed 5952K, reserved 1048576K
}
Event: 32.129 GC heap before
{Heap before GC invocations=20 (full 0):
 garbage-first heap   total 39936K, used 31372K [0x0000000081c00000, 0x0000000100000000)
  region size 1024K, 13 young (13312K), 1 survivors (1024K)
 Metaspace       used 49987K, committed 50368K, reserved 1097728K
  class space    used 6287K, committed 6464K, reserved 1048576K
}
Event: 32.135 GC heap after
{Heap after GC invocations=21 (full 0):
 garbage-first heap   total 39936K, used 21040K [0x0000000081c00000, 0x0000000100000000)
  region size 1024K, 2 young (2048K), 2 survivors (2048K)
 Metaspace       used 49987K, committed 50368K, reserved 1097728K
  class space    used 6287K, committed 6464K, reserved 1048576K
}

